<?xml version="1.0" encoding="UTF-8"?>
<testsuite name="springboot.domain.posts.PostsRepositoryTest" tests="2" skipped="0" failures="0" errors="0" timestamp="2021-09-14T15:04:10" hostname="dragonappear.local" time="0.052">
  <properties/>
  <testcase name="게시글저장_불러오기" classname="springboot.domain.posts.PostsRepositoryTest" time="0.043"/>
  <testcase name="BaseTimeEntity_등록" classname="springboot.domain.posts.PostsRepositoryTest" time="0.009"/>
  <system-out><![CDATA[2021-09-15 00:04:08.363  INFO 6306 --- [    Test worker] .b.t.c.SpringBootTestContextBootstrapper : Neither @ContextConfiguration nor @ContextHierarchy found for test class [springboot.domain.posts.PostsRepositoryTest], using SpringBootContextLoader
2021-09-15 00:04:08.367  INFO 6306 --- [    Test worker] o.s.t.c.support.AbstractContextLoader    : Could not detect default resource locations for test class [springboot.domain.posts.PostsRepositoryTest]: no resource found for suffixes {-context.xml, Context.groovy}.
2021-09-15 00:04:08.367  INFO 6306 --- [    Test worker] t.c.s.AnnotationConfigContextLoaderUtils : Could not detect default configuration classes for test class [springboot.domain.posts.PostsRepositoryTest]: PostsRepositoryTest does not declare any static, non-private, non-final, nested classes annotated with @Configuration.
2021-09-15 00:04:08.404  INFO 6306 --- [    Test worker] .b.t.c.SpringBootTestContextBootstrapper : Found @SpringBootConfiguration springboot.Application for test class springboot.domain.posts.PostsRepositoryTest
2021-09-15 00:04:08.407  INFO 6306 --- [    Test worker] .b.t.c.SpringBootTestContextBootstrapper : Loaded default TestExecutionListener class names from location [META-INF/spring.factories]: [org.springframework.security.test.context.support.WithSecurityContextTestExecutionListener, org.springframework.security.test.context.support.ReactorContextTestExecutionListener, org.springframework.boot.test.autoconfigure.restdocs.RestDocsTestExecutionListener, org.springframework.boot.test.autoconfigure.web.client.MockRestServiceServerResetTestExecutionListener, org.springframework.boot.test.autoconfigure.web.servlet.MockMvcPrintOnlyOnFailureTestExecutionListener, org.springframework.boot.test.autoconfigure.web.servlet.WebDriverTestExecutionListener, org.springframework.boot.test.mock.mockito.MockitoTestExecutionListener, org.springframework.boot.test.mock.mockito.ResetMocksTestExecutionListener, org.springframework.test.context.web.ServletTestExecutionListener, org.springframework.test.context.support.DirtiesContextBeforeModesTestExecutionListener, org.springframework.test.context.support.DependencyInjectionTestExecutionListener, org.springframework.test.context.support.DirtiesContextTestExecutionListener, org.springframework.test.context.transaction.TransactionalTestExecutionListener, org.springframework.test.context.jdbc.SqlScriptsTestExecutionListener]
2021-09-15 00:04:08.410  INFO 6306 --- [    Test worker] .b.t.c.SpringBootTestContextBootstrapper : Using TestExecutionListeners: [org.springframework.test.context.web.ServletTestExecutionListener@139f61fb, org.springframework.test.context.support.DirtiesContextBeforeModesTestExecutionListener@5b7c2108, org.springframework.boot.test.mock.mockito.MockitoTestExecutionListener@8a7f2bc, org.springframework.boot.test.autoconfigure.SpringBootDependencyInjectionTestExecutionListener@32703633, org.springframework.test.context.support.DirtiesContextTestExecutionListener@5a08093f, org.springframework.test.context.transaction.TransactionalTestExecutionListener@60c61717, org.springframework.test.context.jdbc.SqlScriptsTestExecutionListener@57432ba1, org.springframework.security.test.context.support.WithSecurityContextTestExecutionListener@64b14ed4, org.springframework.security.test.context.support.ReactorContextTestExecutionListener@7eeaf28c, org.springframework.boot.test.autoconfigure.restdocs.RestDocsTestExecutionListener@2e442ce9, org.springframework.boot.test.autoconfigure.web.client.MockRestServiceServerResetTestExecutionListener@601404a3, org.springframework.boot.test.autoconfigure.web.servlet.MockMvcPrintOnlyOnFailureTestExecutionListener@e3d319b, org.springframework.boot.test.autoconfigure.web.servlet.WebDriverTestExecutionListener@276adc42, org.springframework.boot.test.mock.mockito.ResetMocksTestExecutionListener@28c69f22]

  .   ____          _            __ _ _
 /\\ / ___'_ __ _ _(_)_ __  __ _ \ \ \ \
( ( )\___ | '_ | '_| | '_ \/ _` | \ \ \ \
 \\/  ___)| |_)| | | | | || (_| |  ) ) ) )
  '  |____| .__|_| |_|_| |_\__, | / / / /
 =========|_|==============|___/=/_/_/_/
 :: Spring Boot ::        (v2.1.9.RELEASE)

2021-09-15 00:04:08.455  INFO 6306 --- [    Test worker] s.domain.posts.PostsRepositoryTest       : Starting PostsRepositoryTest on dragonappear.local with PID 6306 (started by dragonappear in /Users/dragonappear/Documents/study/code/spring/code/freelec-springboot2-webservice)
2021-09-15 00:04:08.456  INFO 6306 --- [    Test worker] s.domain.posts.PostsRepositoryTest       : No active profile set, falling back to default profiles: default
2021-09-15 00:04:08.808  INFO 6306 --- [    Test worker] .s.d.r.c.RepositoryConfigurationDelegate : Bootstrapping Spring Data repositories in DEFAULT mode.
2021-09-15 00:04:08.835  INFO 6306 --- [    Test worker] .s.d.r.c.RepositoryConfigurationDelegate : Finished Spring Data repository scanning in 25ms. Found 2 repository interfaces.
2021-09-15 00:04:09.022  INFO 6306 --- [    Test worker] trationDelegate$BeanPostProcessorChecker : Bean 'org.springframework.transaction.annotation.ProxyTransactionManagementConfiguration' of type [org.springframework.transaction.annotation.ProxyTransactionManagementConfiguration$$EnhancerBySpringCGLIB$$93310430] is not eligible for getting processed by all BeanPostProcessors (for example: not eligible for auto-proxying)
2021-09-15 00:04:09.122  INFO 6306 --- [    Test worker] com.zaxxer.hikari.HikariDataSource       : HikariPool-2 - Starting...
2021-09-15 00:04:09.125  INFO 6306 --- [    Test worker] com.zaxxer.hikari.HikariDataSource       : HikariPool-2 - Start completed.
2021-09-15 00:04:09.158  INFO 6306 --- [    Test worker] o.hibernate.jpa.internal.util.LogHelper  : HHH000204: Processing PersistenceUnitInfo [
	name: default
	...]
2021-09-15 00:04:09.171  INFO 6306 --- [    Test worker] org.hibernate.dialect.Dialect            : HHH000400: Using dialect: org.hibernate.dialect.MySQL5InnoDBDialect
Hibernate: drop table if exists posts
Hibernate: drop table if exists user
Hibernate: create table posts (id bigint not null auto_increment, create_date datetime, modified_date datetime, author varchar(255), content TEXT not null, title varchar(500) not null, primary key (id)) engine=InnoDB
Hibernate: create table user (id bigint not null auto_increment, create_date datetime, modified_date datetime, email varchar(255) not null, name varchar(255) not null, picture varchar(255), role varchar(255) not null, primary key (id)) engine=InnoDB
2021-09-15 00:04:09.247  INFO 6306 --- [    Test worker] o.h.t.schema.internal.SchemaCreatorImpl  : HHH000476: Executing import script 'org.hibernate.tool.schema.internal.exec.ScriptSourceInputNonExistentImpl@4961d9be'
2021-09-15 00:04:09.248  INFO 6306 --- [    Test worker] j.LocalContainerEntityManagerFactoryBean : Initialized JPA EntityManagerFactory for persistence unit 'default'
2021-09-15 00:04:09.448  INFO 6306 --- [    Test worker] o.h.h.i.QueryTranslatorFactoryInitiator  : HHH000397: Using ASTQueryTranslatorFactory
2021-09-15 00:04:09.582  INFO 6306 --- [    Test worker] o.s.s.web.DefaultSecurityFilterChain     : Creating filter chain: any request, [org.springframework.security.web.context.request.async.WebAsyncManagerIntegrationFilter@4ed029b2, org.springframework.security.web.context.SecurityContextPersistenceFilter@248cf688, org.springframework.security.web.header.HeaderWriterFilter@2c351402, org.springframework.security.web.authentication.logout.LogoutFilter@2a10c06a, org.springframework.security.oauth2.client.web.OAuth2AuthorizationRequestRedirectFilter@160d9dcc, org.springframework.security.oauth2.client.web.OAuth2LoginAuthenticationFilter@5a7faf90, org.springframework.security.web.authentication.ui.DefaultLoginPageGeneratingFilter@696b5379, org.springframework.security.web.authentication.ui.DefaultLogoutPageGeneratingFilter@5762b6f3, org.springframework.security.web.savedrequest.RequestCacheAwareFilter@3e597d76, org.springframework.security.web.servletapi.SecurityContextHolderAwareRequestFilter@3ac8fbbb, org.springframework.security.web.authentication.AnonymousAuthenticationFilter@2dfbb22e, org.springframework.security.web.session.SessionManagementFilter@248eefd4, org.springframework.security.web.access.ExceptionTranslationFilter@4f8ab8af, org.springframework.security.web.access.intercept.FilterSecurityInterceptor@2d469db6]
2021-09-15 00:04:09.860  INFO 6306 --- [    Test worker] o.s.s.concurrent.ThreadPoolTaskExecutor  : Initializing ExecutorService 'applicationTaskExecutor'
2021-09-15 00:04:09.871  WARN 6306 --- [    Test worker] aWebConfiguration$JpaWebMvcConfiguration : spring.jpa.open-in-view is enabled by default. Therefore, database queries may be performed during view rendering. Explicitly configure spring.jpa.open-in-view to disable this warning
2021-09-15 00:04:09.903  INFO 6306 --- [    Test worker] o.s.b.a.w.s.WelcomePageHandlerMapping    : Adding welcome page template: index
2021-09-15 00:04:10.184  INFO 6306 --- [    Test worker] s.a.ScheduledAnnotationBeanPostProcessor : No TaskScheduler/ScheduledExecutorService bean found for scheduled processing
2021-09-15 00:04:10.186  INFO 6306 --- [    Test worker] s.domain.posts.PostsRepositoryTest       : Started PostsRepositoryTest in 1.767 seconds (JVM running for 13.284)
2021-09-15 00:04:10.205  INFO 6306 --- [    Test worker] o.s.t.c.transaction.TransactionContext   : Began transaction (1) for test context [DefaultTestContext@684ea1bf testClass = PostsRepositoryTest, testInstance = springboot.domain.posts.PostsRepositoryTest@6788f898, testMethod = 게시글저장_불러오기@PostsRepositoryTest, testException = [null], mergedContextConfiguration = [WebMergedContextConfiguration@18a11c17 testClass = PostsRepositoryTest, locations = '{}', classes = '{class springboot.Application}', contextInitializerClasses = '[]', activeProfiles = '{}', propertySourceLocations = '{}', propertySourceProperties = '{org.springframework.boot.test.context.SpringBootTestContextBootstrapper=true}', contextCustomizers = set[org.springframework.boot.test.autoconfigure.properties.PropertyMappingContextCustomizer@0, org.springframework.boot.test.autoconfigure.web.servlet.WebDriverContextCustomizerFactory$Customizer@539f226a, org.springframework.boot.test.context.filter.ExcludeFilterContextCustomizer@65a52de0, org.springframework.boot.test.json.DuplicateJsonObjectContextCustomizerFactory$DuplicateJsonObjectContextCustomizer@40b1619c, org.springframework.boot.test.mock.mockito.MockitoContextCustomizer@0, org.springframework.boot.test.web.client.TestRestTemplateContextCustomizer@15b0a3f9], resourceBasePath = 'src/main/webapp', contextLoader = 'org.springframework.boot.test.context.SpringBootContextLoader', parent = [null]], attributes = map['org.springframework.test.context.web.ServletTestExecutionListener.activateListener' -> true, 'org.springframework.test.context.web.ServletTestExecutionListener.populatedRequestContextHolder' -> true, 'org.springframework.test.context.web.ServletTestExecutionListener.resetRequestContextHolder' -> true]]; transaction manager [org.springframework.orm.jpa.JpaTransactionManager@5333759b]; rollback [true]
Hibernate: insert into posts (create_date, modified_date, author, content, title) values (?, ?, ?, ?, ?)
Hibernate: select posts0_.id as id1_0_, posts0_.create_date as create_d2_0_, posts0_.modified_date as modified3_0_, posts0_.author as author4_0_, posts0_.content as content5_0_, posts0_.title as title6_0_ from posts posts0_
2021-09-15 00:04:10.240  INFO 6306 --- [    Test worker] o.s.t.c.transaction.TransactionContext   : Rolled back transaction for test: [DefaultTestContext@684ea1bf testClass = PostsRepositoryTest, testInstance = springboot.domain.posts.PostsRepositoryTest@6788f898, testMethod = 게시글저장_불러오기@PostsRepositoryTest, testException = [null], mergedContextConfiguration = [WebMergedContextConfiguration@18a11c17 testClass = PostsRepositoryTest, locations = '{}', classes = '{class springboot.Application}', contextInitializerClasses = '[]', activeProfiles = '{}', propertySourceLocations = '{}', propertySourceProperties = '{org.springframework.boot.test.context.SpringBootTestContextBootstrapper=true}', contextCustomizers = set[org.springframework.boot.test.autoconfigure.properties.PropertyMappingContextCustomizer@0, org.springframework.boot.test.autoconfigure.web.servlet.WebDriverContextCustomizerFactory$Customizer@539f226a, org.springframework.boot.test.context.filter.ExcludeFilterContextCustomizer@65a52de0, org.springframework.boot.test.json.DuplicateJsonObjectContextCustomizerFactory$DuplicateJsonObjectContextCustomizer@40b1619c, org.springframework.boot.test.mock.mockito.MockitoContextCustomizer@0, org.springframework.boot.test.web.client.TestRestTemplateContextCustomizer@15b0a3f9], resourceBasePath = 'src/main/webapp', contextLoader = 'org.springframework.boot.test.context.SpringBootContextLoader', parent = [null]], attributes = map['org.springframework.test.context.web.ServletTestExecutionListener.activateListener' -> true, 'org.springframework.test.context.web.ServletTestExecutionListener.populatedRequestContextHolder' -> true, 'org.springframework.test.context.web.ServletTestExecutionListener.resetRequestContextHolder' -> true]]
2021-09-15 00:04:10.244  INFO 6306 --- [    Test worker] o.s.t.c.transaction.TransactionContext   : Began transaction (1) for test context [DefaultTestContext@684ea1bf testClass = PostsRepositoryTest, testInstance = springboot.domain.posts.PostsRepositoryTest@3c6a4f03, testMethod = BaseTimeEntity_등록@PostsRepositoryTest, testException = [null], mergedContextConfiguration = [WebMergedContextConfiguration@18a11c17 testClass = PostsRepositoryTest, locations = '{}', classes = '{class springboot.Application}', contextInitializerClasses = '[]', activeProfiles = '{}', propertySourceLocations = '{}', propertySourceProperties = '{org.springframework.boot.test.context.SpringBootTestContextBootstrapper=true}', contextCustomizers = set[org.springframework.boot.test.autoconfigure.properties.PropertyMappingContextCustomizer@0, org.springframework.boot.test.autoconfigure.web.servlet.WebDriverContextCustomizerFactory$Customizer@539f226a, org.springframework.boot.test.context.filter.ExcludeFilterContextCustomizer@65a52de0, org.springframework.boot.test.json.DuplicateJsonObjectContextCustomizerFactory$DuplicateJsonObjectContextCustomizer@40b1619c, org.springframework.boot.test.mock.mockito.MockitoContextCustomizer@0, org.springframework.boot.test.web.client.TestRestTemplateContextCustomizer@15b0a3f9], resourceBasePath = 'src/main/webapp', contextLoader = 'org.springframework.boot.test.context.SpringBootContextLoader', parent = [null]], attributes = map['org.springframework.test.context.web.ServletTestExecutionListener.activateListener' -> true, 'org.springframework.test.context.web.ServletTestExecutionListener.populatedRequestContextHolder' -> true, 'org.springframework.test.context.web.ServletTestExecutionListener.resetRequestContextHolder' -> true]]; transaction manager [org.springframework.orm.jpa.JpaTransactionManager@5333759b]; rollback [true]
Hibernate: insert into posts (create_date, modified_date, author, content, title) values (?, ?, ?, ?, ?)
Hibernate: select posts0_.id as id1_0_, posts0_.create_date as create_d2_0_, posts0_.modified_date as modified3_0_, posts0_.author as author4_0_, posts0_.content as content5_0_, posts0_.title as title6_0_ from posts posts0_
2021-09-15 00:04:10.250  INFO 6306 --- [    Test worker] o.s.t.c.transaction.TransactionContext   : Rolled back transaction for test: [DefaultTestContext@684ea1bf testClass = PostsRepositoryTest, testInstance = springboot.domain.posts.PostsRepositoryTest@3c6a4f03, testMethod = BaseTimeEntity_등록@PostsRepositoryTest, testException = [null], mergedContextConfiguration = [WebMergedContextConfiguration@18a11c17 testClass = PostsRepositoryTest, locations = '{}', classes = '{class springboot.Application}', contextInitializerClasses = '[]', activeProfiles = '{}', propertySourceLocations = '{}', propertySourceProperties = '{org.springframework.boot.test.context.SpringBootTestContextBootstrapper=true}', contextCustomizers = set[org.springframework.boot.test.autoconfigure.properties.PropertyMappingContextCustomizer@0, org.springframework.boot.test.autoconfigure.web.servlet.WebDriverContextCustomizerFactory$Customizer@539f226a, org.springframework.boot.test.context.filter.ExcludeFilterContextCustomizer@65a52de0, org.springframework.boot.test.json.DuplicateJsonObjectContextCustomizerFactory$DuplicateJsonObjectContextCustomizer@40b1619c, org.springframework.boot.test.mock.mockito.MockitoContextCustomizer@0, org.springframework.boot.test.web.client.TestRestTemplateContextCustomizer@15b0a3f9], resourceBasePath = 'src/main/webapp', contextLoader = 'org.springframework.boot.test.context.SpringBootContextLoader', parent = [null]], attributes = map['org.springframework.test.context.web.ServletTestExecutionListener.activateListener' -> true, 'org.springframework.test.context.web.ServletTestExecutionListener.populatedRequestContextHolder' -> true, 'org.springframework.test.context.web.ServletTestExecutionListener.resetRequestContextHolder' -> true]]
]]></system-out>
  <system-err><![CDATA[]]></system-err>
</testsuite>
